<?xml version="1.0" encoding="UTF-8"?>
<!-- Generated by org.testng.reporters.JUnitReportReporter -->
<testsuite hostname="LAPTOP-CFHD6V84" failures="0" tests="1" name="tests.TCC_001_LOGIN_01" time="0.670" errors="0" timestamp="2025-08-04T19:26:00 IST" skipped="0">
  <testcase classname="tests.TCC_001_LOGIN_01" name="verfiyLogin" time="0.670"/>
</testsuite> <!-- tests.TCC_001_LOGIN_01 -->
